<?xml version="1.0" encoding="UTF-8"?>
<testng-results ignored="0" total="1" passed="1" failed="0" skipped="0">
  <reporter-output>
  </reporter-output>
  <suite started-at="2024-12-04T22:11:30 IST" name="Default suite" finished-at="2024-12-04T22:11:48 IST" duration-ms="18041">
    <groups>
    </groups>
    <test started-at="2024-12-04T22:11:30 IST" name="Default test" finished-at="2024-12-04T22:11:48 IST" duration-ms="18041">
      <class name="practiceWithTestng.CaptureLogo">
        <test-method signature="screenshot()[pri:0, instance:practiceWithTestng.CaptureLogo@72e5a8e]" started-at="2024-12-04T22:11:30 IST" name="screenshot" finished-at="2024-12-04T22:11:48 IST" duration-ms="17944" status="PASS">
          <reporter-output>
          </reporter-output>
        </test-method> <!-- screenshot -->
      </class> <!-- practiceWithTestng.CaptureLogo -->
    </test> <!-- Default test -->
  </suite> <!-- Default suite -->
</testng-results>
