<?xml version="1.0" encoding="UTF-8"?>
<testsuite xmlns:xsi="http://www.w3.org/2001/XMLSchema-instance" xsi:noNamespaceSchemaLocation="https://maven.apache.org/surefire/maven-surefire-plugin/xsd/surefire-test-report-3.0.xsd" version="3.0" name="test.RunCucumberTest" time="1.318" tests="5" errors="0" skipped="0" failures="0">
  <properties>
[...]
</properties>
  <testcase name="Validate event Event-201 order ORD201 type ORDER_CREATED" classname="Event-driven DB validation" time="0.669">
    <system-out><![CDATA[[Scenario - event_id - Event-201 and order-id ORD201 ] =>
TableName - audit
[JsonCompare] Comparing row. Expected keys=4 Actual keys=4
id -> PASS
orderid -> PASS
time -> PASS
jobsettime -> PASS
TableName - item_details
[JsonCompare] Comparing row. Expected keys=5 Actual keys=5
orderid -> PASS
time -> PASS
eventpayload.items[0].itemId -> PASS
eventpayload.items[0].statusHistory[0].status -> PASS
eventpayload.items[0].statusHistory[1].status -> PASS
eventpayload.items[0].statusHistory[2].status -> PASS
poiresponse.warehouse.id -> PASS
poiresponse.warehouse.bins[0].binId -> PASS
poiresponse.warehouse.bins[0].qty -> PASS
poiresponse.warehouse.bins[1].binId -> PASS
poiresponse.warehouse.bins[1].qty -> PASS
jobsettime -> PASS
TableName - job_queue_arch
[JsonCompare] Comparing row. Expected keys=6 Actual keys=6
id -> PASS
orderid -> PASS
time -> PASS
eventpayload.event-id -> PASS
eventpayload.order-id -> SKIPPED | expected=ORD209 | actual=ORD201
eventpayload.eventType -> PASS
eventpayload.customer.customerId -> PASS
eventpayload.customer.name -> PASS
eventpayload.customer.contacts[0].type -> PASS
eventpayload.customer.contacts[0].value -> PASS
eventpayload.customer.contacts[1].type -> PASS
eventpayload.customer.contacts[1].value -> PASS
eventpayload.items[0].itemId -> PASS
eventpayload.items[0].name -> PASS
eventpayload.items[0].attributes.brand -> PASS
eventpayload.items[0].attributes.ram -> PASS
eventpayload.items[1].itemId -> PASS
eventpayload.items[1].name -> PASS
eventpayload.items[1].qty -> PASS
eventpayload.shipping.address.city -> PASS
eventpayload.shipping.address.state -> PASS
eventpayload.shipping.address.pincode -> PASS
eventpayload.shipping.modes[0] -> PASS
eventpayload.shipping.modes[1] -> PASS
poiresponse.status -> PASS
poiresponse.poiId -> PASS
poiresponse.timeline[0].stage -> PASS
poiresponse.timeline[0].time -> PASS
poiresponse.timeline[1].stage -> PASS
poiresponse.timeline[1].time -> PASS
jobsettime -> PASS
TableName - job_queue
[JsonCompare] Comparing row. Expected keys=6 Actual keys=6
id -> PASS
orderid -> PASS
time -> PASS
eventpayload.eventType -> PASS
eventpayload.customer.customerId -> PASS
eventpayload.customer.name -> PASS
eventpayload.customer.contacts[0].type -> PASS
eventpayload.customer.contacts[0].value -> PASS
eventpayload.customer.contacts[1].type -> PASS
eventpayload.customer.contacts[1].value -> PASS
eventpayload.items[0].itemId -> PASS
eventpayload.items[0].name -> PASS
eventpayload.items[0].attributes.brand -> PASS
eventpayload.items[0].attributes.ram -> PASS
eventpayload.items[1].itemId -> PASS
eventpayload.items[1].name -> PASS
eventpayload.items[1].qty -> PASS
eventpayload.shipping.address.city -> PASS
eventpayload.shipping.address.state -> PASS
eventpayload.shipping.address.pincode -> PASS
eventpayload.shipping.modes[0] -> PASS
eventpayload.shipping.modes[1] -> PASS
poiresponse.status -> PASS
poiresponse.poiId -> PASS
poiresponse.timeline[0].stage -> PASS
poiresponse.timeline[0].time -> PASS
poiresponse.timeline[1].stage -> PASS
poiresponse.timeline[1].time -> PASS
jobsettime -> PASS
]]></system-out>
    <system-err><![CDATA[SLF4J: Failed to load class "org.slf4j.impl.StaticLoggerBinder".
SLF4J: Defaulting to no-operation (NOP) logger implementation
SLF4J: See http://www.slf4j.org/codes.html#StaticLoggerBinder for further details.
]]></system-err>
  </testcase>
  <testcase name="Validate event Event-202 order ORD202 type ORDER_VALIDATED" classname="Event-driven DB validation" time="0.046">
    <system-out><![CDATA[[Scenario - event_id - Event-202 and order-id ORD202 ] =>
TableName - audit
[JsonCompare] Comparing row. Expected keys=4 Actual keys=4
id -> PASS
orderid -> PASS
time -> PASS
jobsettime -> PASS
TableName - item_details
[JsonCompare] Comparing row. Expected keys=5 Actual keys=5
orderid -> PASS
time -> PASS
eventpayload.bundle.parent -> PASS
eventpayload.bundle.children[0] -> PASS
eventpayload.bundle.children[1] -> PASS
poiresponse.availability -> PASS
jobsettime -> PASS
TableName - job_queue_arch
[JsonCompare] Comparing row. Expected keys=6 Actual keys=6
id -> PASS
orderid -> PASS
time -> PASS
eventpayload.event-id -> PASS
eventpayload.order-id -> PASS
eventpayload.eventType -> PASS
eventpayload.retry.count -> PASS
eventpayload.retry.max -> PASS
poiresponse.status -> PASS
jobsettime -> PASS
TableName - job_queue
[JsonCompare] Comparing row. Expected keys=6 Actual keys=6
id -> PASS
orderid -> PASS
time -> PASS
eventpayload.eventType -> PASS
eventpayload.retry.count -> PASS
eventpayload.retry.max -> PASS
poiresponse.status -> PASS
jobsettime -> PASS
]]></system-out>
  </testcase>
  <testcase name="Validate event Event-203 order ORD203 type ORDER_FAILED" classname="Event-driven DB validation" time="0.048">
    <system-out><![CDATA[[Scenario - event_id - Event-203 and order-id ORD203 ] =>
TableName - audit
[JsonCompare] Comparing row. Expected keys=4 Actual keys=4
id -> PASS
orderid -> PASS
time -> PASS
jobsettime -> PASS
TableName - item_details
[JsonCompare] Comparing row. Expected keys=5 Actual keys=5
orderid -> PASS
time -> PASS
eventpayload.replacement.eligible -> PASS
eventpayload.replacement.reason -> PASS
poiresponse.refund.amount -> PASS
poiresponse.refund.method -> PASS
jobsettime -> PASS
TableName - job_queue_arch
[JsonCompare] Comparing row. Expected keys=6 Actual keys=6
id -> PASS
orderid -> PASS
time -> PASS
eventpayload.event-id -> PASS
eventpayload.order-id -> PASS
eventpayload.eventType -> PASS
eventpayload.reasons[0] -> PASS
eventpayload.reasons[1] -> PASS
poiresponse.status -> PASS
poiresponse.errorCode -> PASS
jobsettime -> PASS
TableName - job_queue
[JsonCompare] Comparing row. Expected keys=6 Actual keys=6
id -> PASS
orderid -> PASS
time -> PASS
eventpayload.eventType -> PASS
eventpayload.reasons[0] -> PASS
eventpayload.reasons[1] -> PASS
poiresponse.status -> PASS
poiresponse.errorCode -> PASS
jobsettime -> PASS
]]></system-out>
  </testcase>
  <testcase name="Validate event Event-204 order ORD204 type ORDER_QUEUED" classname="Event-driven DB validation" time="0.039">
    <system-out><![CDATA[[Scenario - event_id - Event-204 and order-id ORD204 ] =>
TableName - audit
[JsonCompare] Comparing row. Expected keys=4 Actual keys=4
id -> PASS
orderid -> PASS
time -> PASS
jobsettime -> PASS
TableName - item_details
[JsonCompare] Comparing row. Expected keys=5 Actual keys=5
orderid -> PASS
time -> PASS
eventpayload.tracking.courier -> PASS
eventpayload.tracking.checkpoints[0].city -> PASS
eventpayload.tracking.checkpoints[0].status -> PASS
eventpayload.tracking.checkpoints[1].city -> PASS
eventpayload.tracking.checkpoints[1].status -> PASS
poiresponse.eta -> PASS
jobsettime -> PASS
TableName - job_queue_arch
[JsonCompare] Comparing row. Expected keys=6 Actual keys=6
id -> PASS
orderid -> PASS
time -> PASS
eventpayload.event-id -> PASS
eventpayload.order-id -> PASS
eventpayload.eventType -> PASS
eventpayload.queue.priority -> PASS
eventpayload.queue.nodes[0] -> PASS
eventpayload.queue.nodes[1] -> PASS
eventpayload.queue.nodes[2] -> PASS
poiresponse.status -> PASS
jobsettime -> PASS
TableName - job_queue
[JsonCompare] Comparing row. Expected keys=6 Actual keys=6
id -> PASS
orderid -> PASS
time -> PASS
eventpayload.eventType -> PASS
eventpayload.queue.priority -> PASS
eventpayload.queue.nodes[0] -> PASS
eventpayload.queue.nodes[1] -> PASS
eventpayload.queue.nodes[2] -> PASS
poiresponse.status -> PASS
jobsettime -> PASS
]]></system-out>
  </testcase>
  <testcase name="Validate event Event-205 order ORD205 type ORDER_COMPLETED" classname="Event-driven DB validation" time="0.046">
    <system-out><![CDATA[[Scenario - event_id - Event-205 and order-id ORD205 ] =>
TableName - audit
[JsonCompare] Comparing row. Expected keys=4 Actual keys=4
id -> PASS
orderid -> PASS
time -> PASS
jobsettime -> PASS
TableName - item_details
[JsonCompare] Comparing row. Expected keys=5 Actual keys=5
orderid -> PASS
time -> PASS
eventpayload.feedback.rating -> PASS
eventpayload.feedback.comment -> PASS
poiresponse.loyalty.points -> PASS
jobsettime -> PASS
TableName - job_queue_arch
[JsonCompare] Comparing row. Expected keys=6 Actual keys=6
id -> PASS
orderid -> PASS
time -> PASS
eventpayload.event-id -> PASS
eventpayload.order-id -> PASS
eventpayload.eventType -> PASS
eventpayload.summary.items -> PASS
eventpayload.summary.amount -> PASS
poiresponse.status -> PASS
poiresponse.receipt.id -> PASS
poiresponse.receipt.url -> PASS
jobsettime -> PASS
TableName - job_queue
[JsonCompare] Comparing row. Expected keys=6 Actual keys=6
id -> PASS
orderid -> PASS
time -> PASS
eventpayload.eventType -> PASS
eventpayload.summary.items -> PASS
eventpayload.summary.amount -> PASS
poiresponse.status -> PASS
poiresponse.receipt.id -> PASS
poiresponse.receipt.url -> PASS
jobsettime -> PASS
]]></system-out>
  </testcase>
</testsuite>